<?xml version="1.0" encoding="UTF-8"?>
<!-- Generated by org.testng.reporters.JUnitReportReporter -->
<testsuite hostname="DESKTOP-75016JH" name="com.myShop.testcases.TC_HomePageTest" tests="2" failures="0" timestamp="20 Feb 2022 12:50:43 GMT" time="12.533" errors="0">
  <testcase name="verifyTitle" time="6.324" classname="com.myShop.testcases.TC_HomePageTest"/>
  <testcase name="verifyLogo" time="6.209" classname="com.myShop.testcases.TC_HomePageTest"/>
</testsuite> <!-- com.myShop.testcases.TC_HomePageTest -->
