<?xml version="1.0" encoding="UTF-8"?>
<!-- Generated by org.testng.reporters.JUnitReportReporter -->
<testsuite hostname="DESKTOP-75016JH" name="com.myShop.testcases.TC_AddToCartTest" tests="1" failures="0" timestamp="20 Feb 2022 12:36:14 GMT" time="34.153" errors="0">
  <testcase name="addToCartTest" time="34.153" classname="com.myShop.testcases.TC_AddToCartTest"/>
</testsuite> <!-- com.myShop.testcases.TC_AddToCartTest -->
