<?xml version="1.0" encoding="UTF-8"?>
<!-- Generated by org.testng.reporters.JUnitReportReporter -->
<testsuite hostname="DESKTOP-75016JH" name="com.myShop.testcases.TC_SearchResultPageTest" tests="1" failures="0" timestamp="19 Feb 2022 08:06:20 GMT" time="19.133" errors="0">
  <testcase name="productAvailabilityTest" time="19.133" classname="com.myShop.testcases.TC_SearchResultPageTest"/>
</testsuite> <!-- com.myShop.testcases.TC_SearchResultPageTest -->
