<?xml version="1.0" encoding="UTF-8"?>
<!-- Generated by org.testng.reporters.JUnitReportReporter -->
<testsuite hostname="DESKTOP-75016JH" name="com.myShop.testcases.TC_MyAccountPage" tests="1" failures="0" timestamp="20 Feb 2022 12:50:43 GMT" time="19.635" errors="0">
  <testcase name="wishListTest" time="19.635" classname="com.myShop.testcases.TC_MyAccountPage"/>
</testsuite> <!-- com.myShop.testcases.TC_MyAccountPage -->
