<?xml version="1.0" encoding="UTF-8"?>
<!-- Generated by org.testng.reporters.JUnitReportReporter -->
<testsuite hostname="DESKTOP-75016JH" name="com.myProject.testcases.TC_DemoLoginTest" tests="1" failures="0" timestamp="14 Feb 2022 09:43:16 GMT" time="0.024" errors="0">
  <testcase name="home" time="0.024" classname="com.myProject.testcases.TC_DemoLoginTest"/>
</testsuite> <!-- com.myProject.testcases.TC_DemoLoginTest -->
