<?xml version="1.0" encoding="UTF-8"?>
<!-- Generated by org.testng.reporters.JUnitReportReporter -->
<testsuite hostname="DESKTOP-75016JH" name="com.myShop.testcases.TC_DemoLoginTest" tests="3" failures="0" timestamp="15 Feb 2022 05:20:41 GMT" time="6.919" errors="0">
  <testcase name="homeLogin" time="1.975" classname="com.myShop.testcases.TC_DemoLoginTest"/>
  <testcase name="homeLogin" time="2.805" classname="com.myShop.testcases.TC_DemoLoginTest"/>
  <testcase name="homeLogin" time="2.139" classname="com.myShop.testcases.TC_DemoLoginTest"/>
</testsuite> <!-- com.myShop.testcases.TC_DemoLoginTest -->
