<?xml version="1.0" encoding="UTF-8"?>
<!-- Generated by org.testng.reporters.JUnitReportReporter -->
<testsuite hostname="DESKTOP-75016JH" name="com.myShop.testcases.TC_EndToEndTest" tests="1" failures="0" timestamp="20 Feb 2022 12:32:32 GMT" time="35.902" errors="0">
  <testcase name="endToEndTest" time="35.902" classname="com.myShop.testcases.TC_EndToEndTest"/>
</testsuite> <!-- com.myShop.testcases.TC_EndToEndTest -->
